<?xml version="1.0" encoding="UTF-8"?>
<!-- Generated by org.testng.reporters.JUnitXMLReporter -->
<testsuite ignored="0" hostname="LAPTOP-JJ0AI1P8" failures="0" tests="3" name="Test" time="34.83" errors="0" timestamp="2022-02-16T23:05:54 CST">
  <testcase classname="com.qa.testscripts.TC_Amazon_001" name="searchitem" time="3.346"/>
  <testcase classname="com.qa.testscripts.TC_Amazon_002" name="registration" time="1.707"/>
  <testcase classname="com.qa.testscripts.TC_Amazon_003" name="validatefooter" time="0.449"/>
</testsuite> <!-- Test -->
