<?xml version="1.0" encoding="UTF-8"?>
<testng-results ignored="0" total="1" passed="1" failed="0" skipped="0">
  <reporter-output>
  </reporter-output>
  <suite started-at="2022-02-16T23:06:44 CST" name="Default suite" finished-at="2022-02-16T23:06:57 CST" duration-ms="12895">
    <groups>
    </groups>
    <test started-at="2022-02-16T23:06:44 CST" name="Default test" finished-at="2022-02-16T23:06:57 CST" duration-ms="12895">
      <class name="com.qa.testscripts.TC_Amazon_003">
        <test-method is-config="true" signature="setUp()[pri:0, instance:com.qa.testscripts.TC_Amazon_003@123ef382]" started-at="2022-02-16T23:06:44 CST" name="setUp" finished-at="2022-02-16T23:06:50 CST" duration-ms="6193" status="PASS">
          <reporter-output>
          </reporter-output>
        </test-method> <!-- setUp -->
        <test-method signature="validatefooter()[pri:0, instance:com.qa.testscripts.TC_Amazon_003@123ef382]" started-at="2022-02-16T23:06:50 CST" name="validatefooter" finished-at="2022-02-16T23:06:52 CST" duration-ms="2377" status="PASS">
          <reporter-output>
          </reporter-output>
        </test-method> <!-- validatefooter -->
        <test-method is-config="true" signature="tearDown()[pri:0, instance:com.qa.testscripts.TC_Amazon_003@123ef382]" started-at="2022-02-16T23:06:52 CST" name="tearDown" finished-at="2022-02-16T23:06:57 CST" duration-ms="4258" status="PASS">
          <reporter-output>
          </reporter-output>
        </test-method> <!-- tearDown -->
      </class> <!-- com.qa.testscripts.TC_Amazon_003 -->
    </test> <!-- Default test -->
  </suite> <!-- Default suite -->
</testng-results>
